{"C:\\node\\geradordesenhas\\controllers\\gerador.js":{"path":"C:\\node\\geradordesenhas\\controllers\\gerador.js","s":{"1":1,"2":1,"3":0,"4":0,"5":0,"6":0,"7":0,"8":0,"9":0,"10":0,"11":0,"12":0,"13":0,"14":0,"15":1,"16":0,"17":0,"18":0,"19":0,"20":0,"21":0,"22":0,"23":0,"24":0,"25":1},"b":{"1":[0,0]},"f":{"1":1,"2":0,"3":0,"4":0,"5":0,"6":1,"7":0,"8":0,"9":0,"10":0,"11":0},"fnMap":{"1":{"name":"(anonymous_1)","line":1,"loc":{"start":{"line":1,"column":17},"end":{"line":1,"column":28}}},"2":{"name":"(anonymous_2)","line":4,"loc":{"start":{"line":4,"column":21},"end":{"line":4,"column":41}}},"3":{"name":"(anonymous_3)","line":12,"loc":{"start":{"line":12,"column":16},"end":{"line":12,"column":27}}},"4":{"name":"(anonymous_4)","line":32,"loc":{"start":{"line":32,"column":7},"end":{"line":32,"column":20}}},"5":{"name":"(anonymous_5)","line":41,"loc":{"start":{"line":41,"column":14},"end":{"line":41,"column":32}}},"6":{"name":"(anonymous_6)","line":47,"loc":{"start":{"line":47,"column":11},"end":{"line":47,"column":38}}},"7":{"name":"(anonymous_7)","line":51,"loc":{"start":{"line":51,"column":11},"end":{"line":51,"column":29}}},"8":{"name":"(anonymous_8)","line":56,"loc":{"start":{"line":56,"column":22},"end":{"line":56,"column":37}}},"9":{"name":"(anonymous_9)","line":70,"loc":{"start":{"line":70,"column":10},"end":{"line":70,"column":38}}},"10":{"name":"(anonymous_10)","line":74,"loc":{"start":{"line":74,"column":10},"end":{"line":74,"column":38}}},"11":{"name":"(anonymous_11)","line":80,"loc":{"start":{"line":80,"column":13},"end":{"line":80,"column":41}}}},"statementMap":{"1":{"start":{"line":1,"column":0},"end":{"line":89,"column":2}},"2":{"start":{"line":2,"column":1},"end":{"line":86,"column":3}},"3":{"start":{"line":5,"column":4},"end":{"line":7,"column":6}},"4":{"start":{"line":8,"column":4},"end":{"line":8,"column":35}},"5":{"start":{"line":9,"column":4},"end":{"line":9,"column":20}},"6":{"start":{"line":14,"column":4},"end":{"line":14,"column":43}},"7":{"start":{"line":17,"column":4},"end":{"line":25,"column":7}},"8":{"start":{"line":27,"column":4},"end":{"line":37,"column":7}},"9":{"start":{"line":33,"column":8},"end":{"line":34,"column":22}},"10":{"start":{"line":34,"column":12},"end":{"line":34,"column":22}},"11":{"start":{"line":36,"column":8},"end":{"line":36,"column":39}},"12":{"start":{"line":42,"column":5},"end":{"line":42,"column":48}},"13":{"start":{"line":43,"column":5},"end":{"line":43,"column":52}},"14":{"start":{"line":44,"column":5},"end":{"line":44,"column":22}},"15":{"start":{"line":48,"column":5},"end":{"line":48,"column":30}},"16":{"start":{"line":52,"column":5},"end":{"line":52,"column":20}},"17":{"start":{"line":57,"column":4},"end":{"line":60,"column":6}},"18":{"start":{"line":63,"column":4},"end":{"line":63,"column":38}},"19":{"start":{"line":65,"column":4},"end":{"line":65,"column":22}},"20":{"start":{"line":71,"column":4},"end":{"line":71,"column":29}},"21":{"start":{"line":75,"column":4},"end":{"line":75,"column":29}},"22":{"start":{"line":81,"column":4},"end":{"line":81,"column":39}},"23":{"start":{"line":82,"column":4},"end":{"line":82,"column":65}},"24":{"start":{"line":83,"column":4},"end":{"line":83,"column":57}},"25":{"start":{"line":88,"column":1},"end":{"line":88,"column":19}}},"branchMap":{"1":{"line":33,"type":"if","locations":[{"start":{"line":33,"column":8},"end":{"line":33,"column":8}},{"start":{"line":33,"column":8},"end":{"line":33,"column":8}}]}}}}