{"C:\\node\\geradordesenhas\\controllers\\gerador.js":{"path":"C:\\node\\geradordesenhas\\controllers\\gerador.js","s":{"1":1,"2":1,"3":2,"4":2,"5":2,"6":0,"7":0,"8":0,"9":0,"10":0,"11":0,"12":1},"b":{},"f":{"1":1,"2":2,"3":0,"4":0,"5":0,"6":0},"fnMap":{"1":{"name":"(anonymous_1)","line":1,"loc":{"start":{"line":1,"column":17},"end":{"line":1,"column":28}}},"2":{"name":"(anonymous_2)","line":3,"loc":{"start":{"line":3,"column":13},"end":{"line":3,"column":31}}},"3":{"name":"(anonymous_3)","line":10,"loc":{"start":{"line":10,"column":10},"end":{"line":10,"column":38}}},"4":{"name":"(anonymous_4)","line":14,"loc":{"start":{"line":14,"column":10},"end":{"line":14,"column":38}}},"5":{"name":"(anonymous_5)","line":18,"loc":{"start":{"line":18,"column":10},"end":{"line":18,"column":38}}},"6":{"name":"(anonymous_6)","line":24,"loc":{"start":{"line":24,"column":14},"end":{"line":24,"column":42}}}},"statementMap":{"1":{"start":{"line":1,"column":0},"end":{"line":33,"column":2}},"2":{"start":{"line":2,"column":1},"end":{"line":30,"column":3}},"3":{"start":{"line":4,"column":3},"end":{"line":4,"column":46}},"4":{"start":{"line":5,"column":3},"end":{"line":5,"column":50}},"5":{"start":{"line":6,"column":3},"end":{"line":6,"column":20}},"6":{"start":{"line":11,"column":4},"end":{"line":11,"column":29}},"7":{"start":{"line":15,"column":4},"end":{"line":15,"column":29}},"8":{"start":{"line":19,"column":4},"end":{"line":19,"column":29}},"9":{"start":{"line":25,"column":4},"end":{"line":25,"column":39}},"10":{"start":{"line":26,"column":4},"end":{"line":26,"column":51}},"11":{"start":{"line":27,"column":4},"end":{"line":27,"column":57}},"12":{"start":{"line":32,"column":1},"end":{"line":32,"column":19}}},"branchMap":{}}}